# JRE version: OpenJDK Runtime Environment (16.0+36) (build 16+36-2231)
# Java VM: OpenJDK 64-Bit Server VM (16+36-2231, mixed mode, sharing, tiered, compressed oops, g1 gc, windows-amd64)
GC Precious Log:
 CPUs: 8 total, 8 available
 Memory: 8058M
 Large Page Support: Disabled
 NUMA Support: Disabled
 Compressed Oops: Enabled (32-bit)
 Heap Region Size: 1M
 Heap Min Capacity: 8M
 Heap Initial Capacity: 126M
 Heap Max Capacity: 2016M
 Pre-touch: Disabled
 Parallel Workers: 8
 Concurrent Workers: 2
 Concurrent Refinement Workers: 8
 Periodic GC: Disabled
Heap:
 garbage-first heap   total 128000K, used 90725K [0x0000000082000000, 0x0000000100000000)
  region size 1024K, 52 young (53248K), 1 survivors (1024K)
 Metaspace       used 73248K, committed 73792K, reserved 1114112K
  class space    used 8861K, committed 9152K, reserved 1048576K
GC Heap History (20 events):
Event: 2623.040 GC heap before
{Heap before GC invocations=370 (full 4):
 garbage-first heap   total 128000K, used 111153K [0x0000000082000000, 0x0000000100000000)
  region size 1024K, 71 young (72704K), 1 survivors (1024K)
 Metaspace       used 73192K, committed 73792K, reserved 1114112K
  class space    used 8860K, committed 9152K, reserved 1048576K
}
Event: 2623.042 GC heap after
{Heap after GC invocations=371 (full 4):
 garbage-first heap   total 128000K, used 39464K [0x0000000082000000, 0x0000000100000000)
  region size 1024K, 1 young (1024K), 1 survivors (1024K)
 Metaspace       used 73192K, committed 73792K, reserved 1114112K
  class space    used 8860K, committed 9152K, reserved 1048576K
}
Event: 2623.535 GC heap before
{Heap before GC invocations=371 (full 4):
 garbage-first heap   total 128000K, used 111144K [0x0000000082000000, 0x0000000100000000)
  region size 1024K, 71 young (72704K), 1 survivors (1024K)
 Metaspace       used 73208K, committed 73792K, reserved 1114112K
  class space    used 8860K, committed 9152K, reserved 1048576K
}
Event: 2623.536 GC heap after
{Heap after GC invocations=372 (full 4):
 garbage-first heap   total 128000K, used 39483K [0x0000000082000000, 0x0000000100000000)
  region size 1024K, 1 young (1024K), 1 survivors (1024K)
 Metaspace       used 73208K, committed 73792K, reserved 1114112K
  class space    used 8860K, committed 9152K, reserved 1048576K
}
Event: 2624.022 GC heap before
{Heap before GC invocations=372 (full 4):
 garbage-first heap   total 128000K, used 111163K [0x0000000082000000, 0x0000000100000000)
  region size 1024K, 71 young (72704K), 1 survivors (1024K)
 Metaspace       used 73208K, committed 73792K, reserved 1114112K
  class space    used 8860K, committed 9152K, reserved 1048576K
}
Event: 2624.023 GC heap after
{Heap after GC invocations=373 (full 4):
 garbage-first heap   total 128000K, used 39482K [0x0000000082000000, 0x0000000100000000)
  region size 1024K, 1 young (1024K), 1 survivors (1024K)
 Metaspace       used 73208K, committed 73792K, reserved 1114112K
  class space    used 8860K, committed 9152K, reserved 1048576K
}
Event: 2624.517 GC heap before
{Heap before GC invocations=373 (full 4):
 garbage-first heap   total 128000K, used 111162K [0x0000000082000000, 0x0000000100000000)
  region size 1024K, 71 young (72704K), 1 survivors (1024K)
 Metaspace       used 73208K, committed 73792K, reserved 1114112K
  class space    used 8860K, committed 9152K, reserved 1048576K
}
Event: 2624.519 GC heap after
{Heap after GC invocations=374 (full 4):
 garbage-first heap   total 128000K, used 39474K [0x0000000082000000, 0x0000000100000000)
  region size 1024K, 1 young (1024K), 1 survivors (1024K)
 Metaspace       used 73208K, committed 73792K, reserved 1114112K
  class space    used 8860K, committed 9152K, reserved 1048576K
}
Event: 2625.014 GC heap before
{Heap before GC invocations=374 (full 4):
 garbage-first heap   total 128000K, used 111154K [0x0000000082000000, 0x0000000100000000)
  region size 1024K, 71 young (72704K), 1 survivors (1024K)
 Metaspace       used 73208K, committed 73792K, reserved 1114112K
  class space    used 8860K, committed 9152K, reserved 1048576K
}
Event: 2625.015 GC heap after
{Heap after GC invocations=375 (full 4):
 garbage-first heap   total 128000K, used 39478K [0x0000000082000000, 0x0000000100000000)
  region size 1024K, 1 young (1024K), 1 survivors (1024K)
 Metaspace       used 73208K, committed 73792K, reserved 1114112K
  class space    used 8860K, committed 9152K, reserved 1048576K
}
Event: 2625.492 GC heap before
{Heap before GC invocations=375 (full 4):
 garbage-first heap   total 128000K, used 111158K [0x0000000082000000, 0x0000000100000000)
  region size 1024K, 71 young (72704K), 1 survivors (1024K)
 Metaspace       used 73208K, committed 73792K, reserved 1114112K
  class space    used 8860K, committed 9152K, reserved 1048576K
}
Event: 2625.494 GC heap after
{Heap after GC invocations=376 (full 4):
 garbage-first heap   total 128000K, used 39503K [0x0000000082000000, 0x0000000100000000)
  region size 1024K, 1 young (1024K), 1 survivors (1024K)
 Metaspace       used 73208K, committed 73792K, reserved 1114112K
  class space    used 8860K, committed 9152K, reserved 1048576K
}
Event: 2625.961 GC heap before
{Heap before GC invocations=376 (full 4):
 garbage-first heap   total 128000K, used 111183K [0x0000000082000000, 0x0000000100000000)
  region size 1024K, 71 young (72704K), 1 survivors (1024K)
 Metaspace       used 73208K, committed 73792K, reserved 1114112K
  class space    used 8860K, committed 9152K, reserved 1048576K
}
Event: 2625.963 GC heap after
{Heap after GC invocations=377 (full 4):
 garbage-first heap   total 128000K, used 39482K [0x0000000082000000, 0x0000000100000000)
  region size 1024K, 1 young (1024K), 1 survivors (1024K)
 Metaspace       used 73208K, committed 73792K, reserved 1114112K
  class space    used 8860K, committed 9152K, reserved 1048576K
}
Event: 2626.426 GC heap before
{Heap before GC invocations=377 (full 4):
 garbage-first heap   total 128000K, used 111162K [0x0000000082000000, 0x0000000100000000)
  region size 1024K, 71 young (72704K), 1 survivors (1024K)
 Metaspace       used 73208K, committed 73792K, reserved 1114112K
  class space    used 8860K, committed 9152K, reserved 1048576K
}
Event: 2626.428 GC heap after
{Heap after GC invocations=378 (full 4):
 garbage-first heap   total 128000K, used 39498K [0x0000000082000000, 0x0000000100000000)
  region size 1024K, 1 young (1024K), 1 survivors (1024K)
 Metaspace       used 73208K, committed 73792K, reserved 1114112K
  class space    used 8860K, committed 9152K, reserved 1048576K
}
Event: 2626.890 GC heap before
{Heap before GC invocations=378 (full 4):
 garbage-first heap   total 128000K, used 111178K [0x0000000082000000, 0x0000000100000000)
  region size 1024K, 71 young (72704K), 1 survivors (1024K)
 Metaspace       used 73208K, committed 73792K, reserved 1114112K
  class space    used 8860K, committed 9152K, reserved 1048576K
}
Event: 2626.892 GC heap after
{Heap after GC invocations=379 (full 4):
 garbage-first heap   total 128000K, used 39492K [0x0000000082000000, 0x0000000100000000)
  region size 1024K, 1 young (1024K), 1 survivors (1024K)
 Metaspace       used 73208K, committed 73792K, reserved 1114112K
  class space    used 8860K, committed 9152K, reserved 1048576K
}
Event: 2627.355 GC heap before
{Heap before GC invocations=379 (full 4):
 garbage-first heap   total 128000K, used 111172K [0x0000000082000000, 0x0000000100000000)
  region size 1024K, 71 young (72704K), 1 survivors (1024K)
 Metaspace       used 73208K, committed 73792K, reserved 1114112K
  class space    used 8860K, committed 9152K, reserved 1048576K
}
Event: 2627.357 GC heap after
{Heap after GC invocations=380 (full 4):
 garbage-first heap   total 128000K, used 39525K [0x0000000082000000, 0x0000000100000000)
  region size 1024K, 1 young (1024K), 1 survivors (1024K)
 Metaspace       used 73208K, committed 73792K, reserved 1114112K
  class space    used 8860K, committed 9152K, reserved 1048576K
}

